<?xml version="1.0" encoding="UTF-8"?>
<testng-results skipped="0" failed="0" ignored="0" total="1" passed="1">
  <reporter-output>
  </reporter-output>
  <suite name="Default suite" duration-ms="2637" started-at="2019-12-18T08:50:58Z" finished-at="2019-12-18T08:51:01Z">
    <groups>
    </groups>
    <test name="Default test" duration-ms="2637" started-at="2019-12-18T08:50:58Z" finished-at="2019-12-18T08:51:01Z">
      <class name="WeatherDetails">
        <test-method status="PASS" signature="getWeatherDetails()[pri:0, instance:WeatherDetails@6767c1fc]" name="getWeatherDetails" duration-ms="2609" started-at="2019-12-18T08:50:58Z" finished-at="2019-12-18T08:51:01Z">
          <reporter-output>
          </reporter-output>
        </test-method> <!-- getWeatherDetails -->
      </class> <!-- WeatherDetails -->
    </test> <!-- Default test -->
  </suite> <!-- Default suite -->
</testng-results>
